<?xml version="1.0" encoding="UTF-8"?>
<testng-results skipped="0" failed="0" ignored="0" total="1" passed="1">
  <reporter-output>
  </reporter-output>
  <suite name="Default suite" duration-ms="1765" started-at="2022-02-02T11:31:37Z" finished-at="2022-02-02T11:31:39Z">
    <groups>
    </groups>
    <test name="Default test" duration-ms="1765" started-at="2022-02-02T11:31:37Z" finished-at="2022-02-02T11:31:39Z">
      <class name="sample.APITesting">
        <test-method status="PASS" signature="bf()[pri:0, instance:sample.APITesting@4501b7af]" name="bf" is-config="true" duration-ms="512" started-at="2022-02-02T11:31:37Z" finished-at="2022-02-02T11:31:37Z">
          <reporter-output>
          </reporter-output>
        </test-method> <!-- bf -->
        <test-method status="PASS" signature="get_method()[pri:0, instance:sample.APITesting@4501b7af]" name="get_method" duration-ms="1240" started-at="2022-02-02T11:31:37Z" finished-at="2022-02-02T11:31:39Z">
          <reporter-output>
          </reporter-output>
        </test-method> <!-- get_method -->
      </class> <!-- sample.APITesting -->
    </test> <!-- Default test -->
  </suite> <!-- Default suite -->
</testng-results>
